0 info it worked if it ends with ok
1 verbose cli [ '/usr/local/Cellar/node/6.8.1/bin/node',
1 verbose cli   '/Users/daschy/.node/bin/npm',
1 verbose cli   'start' ]
2 info using npm@3.10.8
3 info using node@v6.8.1
4 verbose run-script [ 'prestart', 'start', 'poststart' ]
5 info lifecycle reactive-programming@~prestart: reactive-programming@
6 silly lifecycle reactive-programming@~prestart: no script for prestart, continuing
7 info lifecycle reactive-programming@~start: reactive-programming@
8 verbose lifecycle reactive-programming@~start: unsafe-perm in lifecycle true
9 verbose lifecycle reactive-programming@~start: PATH: /Users/daschy/.node/lib/node_modules/npm/bin/node-gyp-bin:/Users/daschy/Projects/redbabel/unipd-2017-workshop/reactive-programming/node_modules/.bin:/usr/local/Cellar/node/6.8.1/bin:/Users/daschy/.node/bin:/Users/daschy/.npm-packages/bin:/Users/daschy/.jenv/shims:/opt/local/bin:/opt/local/sbin:/usr/local/sbin:/usr/local/bin:/usr/bin:/bin:/usr/sbin:/sbin:/opt/X11/bin:/usr/local/git/bin:/opt/ImageMagick/bin:/Applications/Postgres.app/Contents/Versions/9.4/bin
10 verbose lifecycle reactive-programming@~start: CWD: /Users/daschy/Projects/redbabel/unipd-2017-workshop/reactive-programming
11 silly lifecycle reactive-programming@~start: Args: [ '-c', 'meteor run' ]
12 silly lifecycle reactive-programming@~start: Returned: code: 2  signal: null
13 info lifecycle reactive-programming@~start: Failed to exec start script
14 verbose stack Error: reactive-programming@ start: `meteor run`
14 verbose stack Exit status 2
14 verbose stack     at EventEmitter.<anonymous> (/Users/daschy/.node/lib/node_modules/npm/lib/utils/lifecycle.js:255:16)
14 verbose stack     at emitTwo (events.js:106:13)
14 verbose stack     at EventEmitter.emit (events.js:191:7)
14 verbose stack     at ChildProcess.<anonymous> (/Users/daschy/.node/lib/node_modules/npm/lib/utils/spawn.js:40:14)
14 verbose stack     at emitTwo (events.js:106:13)
14 verbose stack     at ChildProcess.emit (events.js:191:7)
14 verbose stack     at maybeClose (internal/child_process.js:877:16)
14 verbose stack     at Process.ChildProcess._handle.onexit (internal/child_process.js:226:5)
15 verbose pkgid reactive-programming@
16 verbose cwd /Users/daschy/Projects/redbabel/unipd-2017-workshop/reactive-programming
17 error Darwin 15.6.0
18 error argv "/usr/local/Cellar/node/6.8.1/bin/node" "/Users/daschy/.node/bin/npm" "start"
19 error node v6.8.1
20 error npm  v3.10.8
21 error code ELIFECYCLE
22 error reactive-programming@ start: `meteor run`
22 error Exit status 2
23 error Failed at the reactive-programming@ start script 'meteor run'.
23 error Make sure you have the latest version of node.js and npm installed.
23 error If you do, this is most likely a problem with the reactive-programming package,
23 error not with npm itself.
23 error Tell the author that this fails on your system:
23 error     meteor run
23 error You can get information on how to open an issue for this project with:
23 error     npm bugs reactive-programming
23 error Or if that isn't available, you can get their info via:
23 error     npm owner ls reactive-programming
23 error There is likely additional logging output above.
24 verbose exit [ 1, true ]
